2022-12-24 09:31:53,545 - root - INFO 
- APP RUN
2022-12-24 09:32:43,244 - root - INFO 
- APP WAS CLOSED with text in text_zone:
Положен
...й нет. 
2022-12-24 10:32:55,420 - root - INFO 
- APP RUN
2022-12-24 11:43:12,081 - root - INFO 
- APP WAS CLOSED with text in text_zone:
Положен
...й нет. 
2023-01-22 21:48:27,536 - root - INFO 
- APP RUN
2023-01-22 21:48:37,036 - root - INFO 
- APP WAS CLOSED with text in text_zone:
Положен
...й нет. 
2023-01-22 21:57:16,941 - root - INFO 
- APP RUN
2023-01-22 21:57:21,270 - root - INFO 
- APP WAS CLOSED with text in text_zone:
Положен
...й нет. 
2023-01-22 22:00:35,294 - root - INFO 
- APP RUN
2023-01-22 22:00:39,229 - root - INFO 
- APP WAS CLOSED with text in text_zone:
Положен
...й нет. 
